to 4
this 4
a 4
that 3
poem 3
my 3
be 3
and 3
words 2
word 2
up 2
the 2
parsing 2
it's 2
it 2
i'm 2
i 2
for 2
can 2
write 1
would 1
with 1
will 1
who 1
whip 1
well 1
was 1
wait 1
wailing 1
vocabulary 1
vail 1
usually 1
use 1
unimpressive 1
transparent 1
too 1
time 1
though 1
they 1
teachers 1
take 1
syllables 1
sound 1
some 1
so 1
should 1
set 1
see 1
score 1
say 1
right 1
rhymes 1
restrain 1
regressive 1
quitted 1
quite 1
past 1
parsers 1
now 1
more 1
mistakes 1
meter 1
mason 1
like 1
last 1
lamest 1
just 1
job 1
its 1
is 1
intrigue 1
intentional 1
incorrectly 1
i'll 1
how 1
himself 1
have 1
hard 1
had 1
give 1
further 1
from 1
forcibly 1
forced 1
flesch 1
fixing 1
feels 1
fear 1
far 1
failing 1
english 1
easy 1
eagle 1
don't 1
do 1
did 1
crimes 1
count 1
committed 1
clumsy 1
clearly 1
certain 1
cadence 1
breezy 1
before 1
been 1
bad 1
at 1
are 1
any 1
an 1
all 1
above 1
