the 44
of 26
to 23
be 20
in 18
shall 17
or 15
and 14
by 10
a 10
nor 8
states 6
law 6
for 6
right 5
people 5
not 5
no 5
united 4
jury 4
have 4
any 4
without 3
time 3
public 3
constitution 3
against 3
witnesses 2
war 2
trial 2
state 2
rights 2
property 2
process 2
persons 2
person 2
otherwise 2
militia 2
life 2
his 2
free 2
excessive 2
district 2
criminal 2
crime 2
congress 2
common 2
cause 2
but 2
been 2
an 2
x 1
witness 1
with 1
which 1
wherein 1
where 1
when 1
well 1
warrants 1
violated 1
viii 1
vii 1
vi 1
value 1
v 1
use 1
upon 1
unusual 1
unreasonable 1
unless 1
twice 1
twenty 1
tried 1
things 1
thereof 1
their 1
than 1
ten 1
taken 1
supported 1
suits 1
subject 1
speedy 1
speech 1
soldier 1
service 1
september 1
seizures 1
seized 1
security 1
secure 1
searches 1
searched 1
same 1
rules 1
retained 1
respectively 1
respecting 1
reserved 1
required 1
religion 1
regulated 1
redress 1
re 1
ratified 1
quartered 1
put 1
punishments 1
prosecutions 1
prohibiting 1
prohibited 1
probable 1
private 1
previously 1
press 1
preserved 1
presentment 1
prescribed 1
powers 1
place 1
petition 1
peaceably 1
peace 1
passed 1
particularly 1
papers 1
owner 1
others 1
original 1
on 1
offense 1
obtaining 1
oath 1
necessary 1
naval 1
nature 1
manner 1
make 1
limb 1
liberty 1
land 1
keep 1
just 1
jeopardy 1
ix 1
iv 1
it 1
issue 1
infringed 1
informed 1
inflicted 1
infamous 1
indictment 1
imposed 1
impartial 1
iii 1
ii 1
i 1
houses 1
house 1
himself 1
him 1
held 1
grievances 1
grand 1
government 1
freedom 1
forces 1
fines 1
favor 1
fact 1
exercise 1
except 1
exceed 1
examined 1
establishment 1
enumeration 1
enjoy 1
effects 1
due 1
dollars 1
disparage 1
describing 1
deprived 1
deny 1
delegated 1
defense 1
december 1
danger 1
cruel 1
court 1
counsel 1
controversy 1
construed 1
consent 1
confronted 1
compulsory 1
compensation 1
compelled 1
committed 1
certain 1
cases 1
case 1
capital 1
bill 1
being 1
bear 1
bail 1
at 1
assistance 1
assemble 1
ascertained 1
arms 1
arising 1
are 1
answer 1
amendments 1
all 1
affirmation 1
actual 1
accused 1
accusation 1
according 1
abridging 1
