the 2082
of 1481
and 1021
to 1008
a 846
i 722
in 640
that 478
is 399
you 347
my 318
it 311
as 311
by 300
not 296
but 272
for 237
be 232
with 224
or 219
at 186
his 181
which 176
me 172
was 169
have 167
are 164
from 163
all 161
this 159
one 149
no 149
he 149
your 148
so 141
our 129
more 126
an 125
their 121
on 121
had 117
would 114
see 112
if 111
what 108
they 97
we 95
line 95
will 92
now 91
has 88
when 85
there 85
flatland 84
two 81
three 78
can 78
could 77
must 76
even 74
were 73
some 71
any 70
other 69
how 69
him 68
who 66
then 65
them 65
only 64
sides 63
circle 62
than 60
square 59
every 59
say 58
may 58
space 57
being 57
been 57
am 56
straight 55
sphere 55
her 54
us 53
once 52
yet 51
women 51
into 51
dimensions 50
said 49
point 49
very 48
spaceland 48
shall 48
such 47
should 47
out 47
circles 47
before 47
classes 46
do 45
woman 44
these 44
nor 44
nature 43
isosceles 43
eye 43
call 43
words 40
still 40
nothing 40
many 40
sight 39
upon 37
most 37
dimension 37
time 36
know 36
well 35
class 35
without 34
wife 34
voice 34
sense 34
side 33
own 33
himself 33
first 33
cannot 33
though 32
make 32
about 32
way 31
stranger 31
third 30
same 30
little 30
also 30
whole 29
up 29
section 29
number 29
long 29
half 29
great 29
colour 29
angles 29
life 28
among 28
those 27
much 27
mean 27
last 27
indeed 27
inches 27
feeling 27
through 26
recognition 26
motion 26
its 26
far 26
course 26
angle 26
too 25
part 25
myself 25
lines 25
higher 25
four 25
things 24
solid 24
moving 24
least 24
figure 24
means 23
man 23
feel 23
down 23
back 23
saw 22
plane 22
northward 22
might 22
let 22
each 22
between 22
art 22
after 22
above 22
view 21
triangle 21
therefore 21
themselves 21
right 21
power 21
points 21
law 21
found 21
called 21
world 20
thus 20
moment 20
men 20
lord 20
less 20
length 20
irregular 20
few 20
existence 20
direction 20
country 20
because 20
always 20
while 19
where 19
thought 19
take 19
replied 19
polygon 19
move 19
made 19
lineland 19
just 19
hundred 19
circular 19
came 19
another 19
thy 18
state 18
speak 18
regular 18
look 18
like 18
inside 18
find 18
again 18
whose 17
under 17
truth 17
sex 17
second 17
result 17
readers 17
perfect 17
land 17
king 17
itself 17
equal 17
did 17
cube 17
better 17
become 17
almost 17
year 16
word 16
whom 16
understand 16
states 16
six 16
question 16
over 16
house 16
heard 16
give 16
felt 16
bill 16
against 16
years 15
small 15
really 15
priests 15
never 15
neither 15
lordship 15
left 15
kind 15
female 15
except 15
example 15
equilateral 15
does 15
degrees 15
come 15
upward 14
suppose 14
sound 14
single 14
sided 14
reason 14
process 14
order 14
new 14
necessary 14
name 14
mouth 14
meaning 14
longer 14
houses 14
height 14
hearing 14
grandson 14
experience 14
different 14
clear 14
children 14
away 14
analogy 14
yourself 13
true 13
thou 13
subject 13
squares 13
slight 13
size 13
seemed 13
possible 13
position 13
polygonal 13
ought 13
lower 13
irregularity 13
highest 13
five 13
figures 13
either 13
death 13
continued 13
brightness 13
behold 13
began 13
ask 13
appear 13
although 13
universal 12
tradesman 12
touch 12
till 12
thousand 12
think 12
terminal 12
taught 12
surely 12
she 12
room 12
rapidly 12
place 12
perfectly 12
pass 12
off 12
high 12
hence 12
facts 12
ever 12
easily 12
danger 12
creature 12
council 12
chief 12
anything 12
answer 12
alone 12
' 12
university 11
triangles 11
towards 11
thing 11
soon 11
society 11
social 11
seen 11
saying 11
return 11
region 11
quite 11
purpose 11
present 11
perhaps 11
pentagon 11
monarch 11
matter 11
male 11
listen 11
here 11
fourth 11
extremities 11
enough 11
end 11
distinguish 11
day 11
configuration 11
young 10
why 10
whence 10
vision 10
sons 10
sometimes 10
something 10
several 10
reply 10
rather 10
poor 10
others 10
open 10
often 10
offspring 10
north 10
need 10
method 10
mere 10
manner 10
light 10
level 10
larger 10
known 10
invisible 10
intellectual 10
infer 10
indicate 10
human 10
household 10
hour 10
hexagon 10
front 10
followed 10
family 10
domestic 10
degree 10
days 10
common 10
appeared 10
allowed 10
yes 9
whether 9
use 9
twenty 9
times 9
tell 9
solids 9
since 9
simple 9
silence 9
short 9
red 9
recognize 9
perimeter 9
pentagons 9
parents 9
old 9
obvious 9
mysteries 9
moral 9
middle 9
marriage 9
making 9
instead 9
individual 9
impossible 9
ignorant 9
however 9
hope 9
henceforth 9
hardly 9
hand 9
guide 9
further 9
full 9
explain 9
entered 9
else 9
during 9
dream 9
done 9
discern 9
cut 9
cried 9
countrymen 9
convince 9
consequently 9
comes 9
child 9
case 9
believe 9
absolutely 9
able 9
wives 8
visible 8
training 8
thereby 8
theory 8
taking 8
tablets 8
superior 8
subjects 8
south 8
son 8
smaller 8
shade 8
seeing 8
scale 8
remained 8
relations 8
put 8
public 8
problems 8
person 8
people 8
object 8
none 8
next 8
mind 8
mention 8
makes 8
knowledge 8
insides 8
increase 8
imprisonment 8
husband 8
hear 8
green 8
geometry 8
generation 8
general 8
form 8
fate 8
exactly 8
exact 8
eight 8
divine 8
distance 8
difficulty 8
development 8
developed 8
destroyed 8
crowd 8
concerning 8
coming 8
colours 8
certain 8
cause 8
brother 8
bright 8
breadth 8
best 8
besides 8
below 8
behind 8
approaching 8
appearance 8
alas 8
account 8
according 8
wisdom 7
voices 7
unless 7
universe 7
triangular 7
told 7
together 7
taken 7
table 7
suddenly 7
standing 7
somehow 7
soldiers 7
slightest 7
sitting 7
seven 7
servant 7
series 7
rising 7
reveal 7
recognized 7
reality 7
readily 7
reader 7
produces 7
presence 7
polygons 7
permit 7
pentagonal 7
partly 7
parallel 7
o 7
neglect 7
necessity 7
natural 7
minutes 7
mental 7
measure 7
manifest 7
lowest 7
language 7
knows 7
introduction 7
interests 7
illustrious 7
humble 7
help 7
having 7
go 7
generally 7
footnote 7
feet 7
eyes 7
especially 7
enter 7
education 7
doors 7
door 7
distinction 7
difficult 7
cry 7
containing 7
constitution 7
conduct 7
bring 7
brain 7
both 7
board 7
blessed 7
birth 7
angularity 7
altogether 7
already 7
ah 7
working 6
woman's 6
viz 6
vast 6
usual 6
turn 6
tried 6
temperate 6
supposed 6
strange 6
stomach 6
southward 6
soldier 6
shape 6
sections 6
secret 6
science 6
schools 6
scarcely 6
safety 6
royal 6
rise 6
rest 6
respectable 6
represented 6
regarded 6
received 6
receive 6
realm 6
race 6
produce 6
posterity 6
placed 6
perfection 6
peace 6
pardon 6
outside 6
orders 6
one's 6
occupied 6
occasionally 6
objects 6
objection 6
numbers 6
non 6
nobility 6
neighbours 6
needs 6
nay 6
military 6
measurement 6
mathematics 6
master 6
living 6
learn 6
lead 6
laws 6
large 6
knew 6
intestines 6
interior 6
intended 6
infant 6
individuals 6
inch 6
immediate 6
ill 6
homes 6
home 6
hexagons 6
herself 6
happy 6
greater 6
gospel 6
good 6
generations 6
frame 6
force 6
fog 6
finally 6
females 6
fell 6
fear 6
father 6
extremely 6
extra 6
easy 6
dull 6
distinguished 6
dimness 6
deny 6
criminal 6
convinced 6
confess 6
chromatistes 6
ceased 6
business 6
boy 6
becomes 6
aware 6
arts 6
ancestors 6
ago 6
age 6
affection 6
added 6
acute 6
ab 6
wrong 5
writing 5
workmen 5
wise 5
volition 5
vanished 5
vain 5
utterance 5
until 5
unrecognized 5
type 5
trust 5
towns 5
took 5
thine 5
ten 5
tedious 5
teacher 5
system 5
sufficient 5
suffice 5
story 5
step 5
stay 5
spheres 5
specimens 5
speaking 5
similar 5
shew 5
serious 5
self 5
secrets 5
respect 5
represent 5
remember 5
remains 5
regularity 5
regions 5
reflection 5
real 5
ranks 5
rank 5
rain 5
prove 5
prison 5
priest 5
president 5
practice 5
positions 5
pointed 5
pleased 5
phenomena 5
period 5
penalty 5
passed 5
ourselves 5
otherwise 5
needed 5
multitude 5
mr 5
moved 5
moreover 5
miserable 5
minds 5
merely 5
meet 5
mathematician 5
lying 5
lustrous 5
lost 5
liable 5
legislature 5
lay 5
intelligence 5
instance 5
inferred 5
inconceivable 5
implies 5
imagine 5
horror 5
hinder 5
highness 5
highly 5
happened 5
greatest 5
grasped 5
grandsons 5
gradually 5
giving 5
geometrical 5
friend 5
former 5
fool 5
follows 5
final 5
fall 5
explanation 5
existent 5
exclaimed 5
everything 5
events 5
era 5
equally 5
educated 5
earth 5
doubtless 5
doing 5
dim 5
details 5
destruction 5
destitute 5
describe 5
degraded 5
daily 5
cubes 5
constantly 5
considered 5
condition 5
conception 5
company 5
coloured 5
collision 5
code 5
closed 5
close 5
change 5
brought 5
born 5
blind 5
blame 5
beings 5
begin 5
beauty 5
bass 5
attraction 5
assembly 5
aspire 5
asked 5
ascent 5
arose 5
aristocratic 5
appeal 5
apartments 5
ambition 5
afterwards 5
advantages 5
actually 5
yonder 4
wretched 4
worlds 4
work 4
wish 4
wholly 4
whereas 4
wake 4
visitor 4
visit 4
vertex 4
utterly 4
unfortunate 4
understanding 4
twelve 4
turned 4
try 4
truly 4
throughout 4
tenor 4
teaching 4
task 4
sure 4
sun 4
suggested 4
suggest 4
succeeded 4
studies 4
strong 4
strictly 4
strict 4
street 4
statesmen 4
spread 4
special 4
southern 4
somewhat 4
sir 4
silent 4
shewed 4
seventh 4
set 4
serve 4
sent 4
semicircle 4
seem 4
save 4
rule 4
round 4
revolt 4
resolution 4
represents 4
remain 4
regards 4
regard 4
refuse 4
recent 4
recall 4
read 4
rare 4
pupil 4
proximity 4
prospect 4
proportion 4
proof 4
progression 4
proclaim 4
privileged 4
previously 4
preserved 4
praise 4
possibility 4
population 4
political 4
policy 4
pointland 4
plain 4
pay 4
path 4
parts 4
painted 4
painful 4
omnividence 4
oh 4
occasional 4
obviously 4
northern 4
noble 4
nevertheless 4
neglected 4
naturally 4
native 4
names 4
mysterious 4
motionless 4
monotonous 4
mine 4
millennium 4
meanwhile 4
mathematical 4
lustre 4
low 4
louder 4
loss 4
looked 4
limited 4
lie 4
led 4
leaders 4
latter 4
kept 4
joy 4
issue 4
introduced 4
intervals 4
intellect 4
instinct 4
inhabitants 4
inferior 4
implied 4
ignorance 4
husbands 4
humanity 4
hopes 4
honour 4
health 4
hard 4
hall 4
habit 4
ha 4
grandfather 4
gone 4
going 4
god 4
glorious 4
glance 4
gentlemen 4
fury 4
friends 4
fresh 4
frail 4
forward 4
forth 4
formidable 4
forced 4
follow 4
fit 4
fast 4
fail 4
fact 4
extraordinary 4
extent 4
expected 4
exist 4
exercise 4
exclaiming 4
excellent 4
examination 4
entirely 4
endure 4
eleven 4
earliest 4
duty 4
doubt 4
don't 4
district 4
distant 4
discriminate 4
diminution 4
difficulties 4
diameter 4
determined 4
desires 4
desire 4
described 4
descend 4
delicate 4
defence 4
declared 4
dear 4
cupboard 4
critics 4
correct 4
convicts 4
contrary 4
contemplate 4
construction 4
constant 4
consideration 4
confused 4
conclusions 4
conceive 4
comprehend 4
complete 4
closely 4
climates 4
chirping 4
childhood 4
brutal 4
broad 4
bounding 4
blank 4
beginning 4
attribute 4
attained 4
ascertained 4
arithmetic 4
aristocracy 4
appears 4
anticipations 4
ancient 4
alphabet 4
alike 4
advantage 4
adopted 4
add 4
accordance 4
accept 4
absence 4
witnessed 3
within 3
wisest 3
wife's 3
whither 3
wherever 3
whatever 3
west 3
week 3
weakness 3
ways 3
vocabulary 3
violent 3
views 3
ventured 3
vehemently 3
vanishing 3
valuable 3
utterances 3
upper 3
union 3
unhappy 3
unequal 3
twice 3
turning 3
triumph 3
trees 3
treated 3
transfixed 3
tradesmen 3
touching 3
throat 3
threw 3
threefold 3
thoughtland 3
thinking 3
thickness 3
thick 3
therapeutic 3
theology 3
thee 3
theatre 3
test 3
teachers 3
teach 3
tax 3
tact 3
tablet 3
surprised 3
surprise 3
surface 3
sudden 3
success 3
subjected 3
study 3
strength 3
strain 3
sting 3
start 3
stand 3
sphere's 3
speedily 3
speech 3
spacious 3
spacelanders 3
sort 3
solution 3
slaughter 3
skill 3
sizes 3
simultaneous 3
simply 3
silly 3
servants 3
seditious 3
sedition 3
secured 3
school 3
safe 3
rushed 3
run 3
rough 3
rotating 3
roof 3
revolution 3
revelations 3
returning 3
resort 3
required 3
reported 3
remarks 3
remaining 3
regulated 3
refrain 3
recorded 3
rebellion 3
ready 3
reached 3
ran 3
rabble 3
questions 3
proved 3
proud 3
promising 3
prometheus 3
proclamation 3
proceed 3
private 3
priestly 3
previous 3
prefer 3
preface 3
practically 3
popularly 3
policemen 3
pick 3
physicians 3
physical 3
perspective 3
personal 3
permitted 3
perish 3
perceived 3
perceive 3
penny 3
penetrating 3
pedigree 3
pause 3
patience 3
patent 3
past 3
passing 3
pantocyclus 3
pain 3
pages 3
page 3
orphan 3
original 3
organs 3
opinion 3
opened 3
obtained 3
numerous 3
noticed 3
note 3
nonsense 3
noise 3
night 3
neo 3
neighbourhood 3
needless 3
necessarily 3
nearly 3
nearer 3
near 3
multitudinous 3
movement 3
mouths 3
months 3
month 3
moment's 3
mischief 3
mines 3
militia 3
midst 3
methought 3
methinks 3
met 3
merchant 3
mentioned 3
memory 3
meantime 3
meant 3
marriages 3
majority 3
love 3
lordship's 3
lords 3
looks 3
logical 3
lock 3
live 3
linear 3
lest 3
lesson 3
leaving 3
leaves 3
leave 3
laugh 3
lady 3
kingdom 3
kindred 3
journey 3
issued 3
irregularities 3
involuntary 3
interval 3
interrupted 3
interiors 3
intelligent 3
innovation 3
injury 3
inhabitant 3
infinitesimally 3
induced 3
indiscretion 3
indicated 3
increasing 3
increases 3
inanimate 3
impostures 3
immediately 3
imagination 3
hush 3
households 3
hours 3
honourable 3
homage 3
hitherto 3
history 3
hexagonal 3
held 3
heart 3
hast 3
harmony 3
harmonious 3
happiness 3
ground 3
glimpse 3
glass 3
given 3
gave 3
fully 3
fro 3
formed 3
forethought 3
forbidden 3
following 3
flatlander 3
fixed 3
finding 3
fills 3
feminine 3
fashion 3
falling 3
fallen 3
faith 3
failure 3
failed 3
faculty 3
extremity 3
extinguished 3
exposed 3
experiences 3
excuse 3
exchanged 3
everyone 3
equality 3
enters 3
endowed 3
endeavoured 3
endeavour 3
enables 3
enable 3
elementary 3
elapsed 3
effort 3
effect 3
edge 3
east 3
early 3
e 3
duration 3
downward 3
double 3
dominions 3
doctrine 3
distinctions 3
disposed 3
discouraged 3
diminished 3
difference 3
dialogue 3
diagrams 3
diagonal 3
determine 3
destroy 3
describing 3
departing 3
demonstration 3
demand 3
deference 3
defects 3
deeper 3
deeds 3
decided 3
deceptions 3
daughters 3
dangers 3
custom 3
creatures 3
courtesy 3
counsellors 3
contralto 3
continue 3
content 3
contact 3
consumed 3
constructed 3
constituted 3
consequent 3
consequence 3
conjecture 3
conformation 3
confined 3
concluded 3
completely 3
compelled 3
compared 3
combination 3
colourless 3
cognizance 3
closer 3
climate 3
circumstances 3
circumference 3
chromatic 3
chorus 3
chamber 3
certified 3
centre 3
carefully 3
careful 3
care 3
cabinet 3
burden 3
bringing 3
breeding 3
bound 3
body 3
births 3
begun 3
awoke 3
average 3
author 3
attention 3
attempted 3
assuming 3
assumed 3
assert 3
ascertain 3
ascending 3
artisans 3
artisan 3
arrested 3
arrest 3
around 3
argument 3
approximate 3
approach 3
apartment 3
another's 3
ample 3
agitation 3
advanced 3
admit 3
addressed 3
act 3
acknowledge 3
achieved 3
accidentally 3
zones 2
youngest 2
younger 2
yielding 2
yesterday 2
worth 2
worshipped 2
worse 2
wont 2
wonder 2
women's 2
wished 2
windows 2
willing 2
western 2
wentbridge 2
weekly 2
wearied 2
weak 2
waste 2
warfare 2
wane 2
wall 2
walking 2
waiting 2
vouchsafed 2
vouchsafe 2
volume 2
vocal 2
vivacity 2
visions 2
visibly 2
virtue 2
village 2
victim 2
vertices 2
vent 2
velocity 2
various 2
varied 2
vanishes 2
vainly 2
vacation 2
utters 2
uttermost 2
utmost 2
useful 2
used 2
upwards 2
`upward 2
unusually 2
unspeakable 2
unknown 2
universally 2
unintelligible 2
unfortunately 2
unexpected 2
understood 2
unconscious 2
ultimately 2
ultimate 2
twittering 2
tumults 2
trustworthy 2
trouble 2
trifling 2
trifled 2
tribute 2
treatise 2
treat 2
traverse 2
trace 2
touched 2
total 2
top 2
title 2
tiny 2
thunder 2
threshold 2
thoughts 2
thirty 2
thirteen 2
thirst 2
thinks 2
therein 2
thence 2
th 2
terms 2
terminology 2
tends 2
temptation 2
temperature 2
temper 2
tells 2
teacher's 2
talk 2
systematically 2
sympathy 2
suspicious 2
suspected 2
supreme 2
suppression 2
suppressed 2
superfluous 2
summary 2
suitable 2
suggestive 2
suffered 2
suffer 2
subversion 2
submit 2
submission 2
sub 2
straightway 2
stopping 2
stood 2
stomachs 2
stirred 2
steadily 2
status 2
stated 2
spirit 2
specimen 2
spared 2
sounds 2
soprano 2
somewhere 2
solemn 2
soared 2
soar 2
slowly 2
slipping 2
slightly 2
slice 2
skillful 2
sixteen 2
sisters 2
simplicity 2
sidedness 2
shrinkage 2
shrieked 2
shop 2
shewn 2
shattered 2
sharp 2
shame 2
shalt 2
shaking 2
shadows 2
shading 2
sexes 2
service 2
serves 2
seriously 2
serf 2
sentencing 2
sentence 2
sensation 2
seems 2
seasons 2
scolding 2
scientific 2
satisfy 2
satisfactory 2
satisfaction 2
sanitary 2
sands 2
sake 2
sacrificed 2
sacrifice 2
sacred 2
running 2
rooms 2
robust 2
rights 2
rich 2
reverence 2
revelation 2
retorted 2
retired 2
retire 2
retained 2
resume 2
results 2
resource 2
resorted 2
residence 2
reserved 2
requires 2
reproduce 2
repeating 2
repeated 2
render 2
remove 2
remote 2
remembered 2
relate 2
rejoicing 2
reject 2
regulations 2
reform 2
reference 2
refer 2
redundant 2
recommend 2
recognizing 2
reciprocal 2
receiving 2
recede 2
recalling 2
reassure 2
reasons 2
reasonable 2
realities 2
re 2
rascal 2
rapt 2
raising 2
raised 2
raise 2
quote 2
quietly 2
pursuing 2
purposes 2
pure 2
puny 2
punished 2
providence 2
provided 2
prospects 2
proposition 2
proposal 2
promises 2
prohibited 2
progressive 2
professional 2
professing 2
produced 2
proceeded 2
problem 2
probably 2
privilege 2
principal 2
prevails 2
pretty 2
pretext 2
pretensions 2
prefect 2
precocity 2
precision 2
precisely 2
precedent 2
preaching 2
practised 2
practical 2
powers 2
possibly 2
possession 2
possessing 2
positive 2
popular 2
pooh 2
pollution 2
polite 2
pocket 2
pleasures 2
pleasure 2
pleads 2
plead 2
plausible 2
plan 2
places 2
pin 2
physician 2
philosopher 2
persons 2
perpetual 2
peril 2
penetrate 2
passers 2
passage 2
party 2
partner 2
particle 2
parental 2
parallelogram 2
paper 2
painting 2
pacify 2
oval 2
outbreaks 2
origin 2
ordinary 2
ordained 2
opportunity 2
operations 2
opening 2
onset 2
oneself 2
ones 2
omitting 2
omitted 2
omit 2
oft 2
offence 2
occurred 2
occupy 2
occasion 2
observation 2
oblige 2
objected 2
notice 2
nobles 2
nine 2
neutral 2
needle 2
nature's 2
narrow 2
narrative 2
myriads 2
multitudes 2
moves 2
movements 2
moveable 2
motions 2
mothers 2
mother 2
morning 2
monstrous 2
monstrosity 2
monster 2
money 2
modern 2
misconduct 2
misconceptions 2
minute 2
minority 2
minor 2
millennial 2
metropolis 2
methods 2
merit 2
merciful 2
memoirs 2
member 2
meeting 2
meanest 2
matters 2
maternal 2
mark 2
man's 2
mankind 2
manifested 2
males 2
maintained 2
madam 2
mad 2
lungs 2
luminous 2
lucid 2
loving 2
lovers 2
losing 2
looking 2
local 2
lives 2
listening 2
lip 2
linelander 2
limits 2
legislation 2
learned 2
leading 2
leader 2
laid 2
ladies 2
keeps 2
keep 2
justice 2
junior 2
juggler 2
judicious 2
judged 2
judge 2
irritating 2
irresistible 2
irreparable 2
irrational 2
involving 2
intolerable 2
interrupt 2
intermarriages 2
interesting 2
interest 2
intercept 2
instances 2
inspection 2
information 2
inflict 2
infinitesimal 2
infinitely 2
infinite 2
inferring 2
infecundity 2
inequality 2
indulgence 2
induces 2
induce 2
individuality 2
incredulity 2
incredible 2
increased 2
incident 2
incapable 2
improvement 2
imprisoned 2
impression 2
impossibility 2
important 2
importance 2
implying 2
impatience 2
imparted 2
immunity 2
immense 2
imaginary 2
idiom 2
identity 2
identical 2
ideal 2
idea 2
hundredth 2
humming 2
humiliation 2
hospitals 2
horizon 2
honestly 2
hold 2
hills 2
hierarchy 2
he's 2
hereafter 2
herald's 2
helps 2
`height' 2
heavy 2
heavily 2
hearts 2
head 2
hark 2
hardest 2
hands 2
hampering 2
gymnasium 2
guards 2
guard 2
grounds 2
grant 2
gradual 2
gracious 2
goes 2
gods 2
glad 2
gives 2
generate 2
generalship 2
gain 2
furlongs 2
fundamental 2
fruitless 2
fraud 2
fragments 2
forty 2
formula 2
formality 2
forgotten 2
foremost 2
forcing 2
foot 2
foolish 2
food 2
followers 2
fly 2
floor 2
flew 2
fits 2
fitness 2
fifty 2
field 2
favour 2
fatal 2
famous 2
fair 2
extreme 2
`extra 2
extending 2
expressions 2
expressed 2
experiment 2
expensive 2
expediency 2
expansion 2
exhibit 2
execution 2
excited 2
excess 2
exception 2
exactness 2
evolution 2
evil 2
evidently 2
evident 2
everywhere 2
evangelize 2
estimate 2
essential 2
errors 2
ere 2
equilaterals 2
entrance 2
entitled 2
entering 2
ensured 2
enjoy 2
enfeebling 2
energy 2
ends 2
endowments 2
ended 2
enabled 2
embrace 2
elsewhere 2
element 2
elaborate 2
eighth 2
efforts 2
edwin 2
edition 2
ecclesiastical 2
ears 2
dumb 2
duly 2
dry 2
dreamed 2
drawing 2
draughts 2
dozen 2
dodecagon 2
docile 2
districts 2
distress 2
distinguishable 2
distinct 2
disobedience 2
disgrace 2
disease 2
discretion 2
discovered 2
discord 2
discerned 2
directed 2
dimmer 2
dimensionality 2
dimensional 2
digressions 2
died 2
diagram 2
devoted 2
devoid 2
deviation 2
detail 2
destiny 2
destined 2
despised 2
despair 2
desolation 2
desired 2
desirable 2
descriptions 2
description 2
descent 2
depths 2
deplored 2
depend 2
denoting 2
delight 2
deemed 2
decreed 2
decree 2
deception 2
decay 2
debarred 2
dealing 2
dead 2
daughter 2
dashing 2
dashed 2
darkness 2
dance 2
d 2
customary 2
curiosity 2
cured 2
culture 2
critic 2
cries 2
creative 2
crash 2
cradle 2
count 2
corresponding 2
corporal 2
copied 2
converted 2
convert 2
conversation 2
control 2
continuous 2
continually 2
consummating 2
consummated 2
considerations 2
conscious 2
conjugal 2
confusion 2
confinement 2
confident 2
confidence 2
confessed 2
concurred 2
concourse 2
conclusion 2
completed 2
complacency 2
compass 2
comparatively 2
comparative 2
companion 2
commonest 2
commanding 2
command 2
cold 2
clue 2
clerk 2
clearness 2
clearer 2
civilization 2
citizens 2
churches 2
choosing 2
chests 2
cheaper 2
charge 2
character 2
changing 2
changed 2
certificate 2
certainty 2
certainly 2
century 2
centuries 2
ceases 2
cease 2
cautious 2
causes 2
caused 2
casually 2
casual 2
cases 2
carrying 2
carry 2
carnage 2
career 2
capital 2
capable 2
calmly 2
calculation 2
ca 2
c 2
bursting 2
burnt 2
buildings 2
building 2
bud 2
brothers 2
books 2
book 2
bodies 2
blow 2
blindly 2
beyond 2
betters 2
belongs 2
belief 2
beheld 2
behalf 2
beg 2
bed 2
becoming 2
became 2
beautiful 2
bd 2
battle 2
bases 2
base 2
barrier 2
barbarism 2
balance 2
backward 2
backs 2
baby 2
axiom 2
avoid 2
avert 2
averse 2
avail 2
authorities 2
audition 2
audacious 2
attendance 2
attend 2
attempt 2
assistance 2
assigned 2
assertions 2
aspiring 2
asleep 2
ascertaining 2
artistic 2
arteries 2
arrangements 2
arranged 2
aroused 2
army 2
arithmetical 2
arising 2
approximation 2
approval 2
approached 2
applied 2
apostle 2
apologies 2
aperture 2
anticipated 2
anticipate 2
answered 2
angled 2
ancestry 2
amid 2
aloud 2
allow 2
alarm 2
aid 2
agony 2
ages 2
aesthetic 2
advised 2
advancing 2
adult 2
adoration 2
admitted 2
admire 2
admirable 2
addressing 2
address 2
additional 2
action 2
acting 2
across 2
acquaintances 2
achieve 2
accurately 2
accuracy 2
accosted 2
accordingly 2
accident 2
accepted 2
abundance 2
absurd 2
absolute 2
ablest 2
abbott 2
zest 1
youths 1
youthful 1
youth 1
`you 1
yon 1
yield 1
yards 1
xxx 1
written 1
wretch 1
wrath 1
wound 1
worthy 1
workman 1
wooing 1
wooer's 1
wood 1
wonted 1
wondering 1
wives' 1
witnesses 1
witness 1
wither 1
wit 1
wishes 1
winked 1
wills 1
willingly 1
wildfire 1
wilderness 1
widened 1
wholesome 1
white 1
whisper 1
whichever 1
whereby 1
whenever 1
`whenever 1
welfare 1
welcomed 1
weights 1
weeks 1
wedge 1
wedded 1
wed 1
weapons 1
wealthiest 1
waxed 1
wax 1
wavering 1
water 1
watched 1
wasted 1
`was 1
warning 1
war 1
wanting 1
wanted 1
want 1
wandering 1
walls 1
walked 1
walk 1
vulgarize 1
vulgar 1
voyage 1
votes 1
voluble 1
vocally 1
vitus's 1
vital 1
visual 1
visits 1
visited 1
visitations 1
visitation 1
visionary 1
violently 1
violence 1
violation 1
violated 1
vile 1
vigour 1
vigor 1
victory 1
victims 1
via 1
versatility 1
vermillion 1
verifying 1
verification 1
veriest 1
venture 1
ventilators 1
venerable 1
veil 1
vehemence 1
vegetables 1
varying 1
vary 1
variously 1
variety 1
varieties 1
varies 1
variegated 1
vantage 1
vagabond 1
vacuum 1
utterer 1
utter 1
utilized 1
usually 1
usages 1
urged 1
`upward' 1
uproar 1
unworthy 1
unwilling 1
unwary 1
unveiled 1
unusual 1
unsuccessful 1
unsolved 1
unseemly 1
unscientific 1
unreflecting 1
unreasoning 1
unquestioned 1
unquestionable 1
unprepared 1
unprecedented 1
unnecessary 1
unnatural 1
unmoved 1
unmixed 1
unlocked 1
unlearn 1
unites 1
uninterrupted 1
uninteresting 1
uninjured 1
unhesitatingly 1
unfit 1
unfavourable 1
unevenness 1
uneven 1
unerringly 1
unemacipable 1
uneducated 1
undulation 1
undeveloped 1
undeserved 1
undecided 1
uncles 1
uncertified 1
unceremonious 1
unbroken 1
unattainable 1
unarrestably 1
unanimously 1
unaided 1
unaccustomed 1
unable 1
umber 1
ultra 1
twofold 1
twins 1
truths 1
trusted 1
trunks 1
truest 1
truce 1
troublesome 1
troubled 1
triumphs 1
triumphantly 1
triumphant 1
triplet 1
trifles 1
trifle 1
triennial 1
tricoloured 1
tricks 1
trials 1
trial 1
trepannings 1
tremendous 1
treble 1
treatment 1
treasures 1
treasonable 1
treason 1
treachery 1
travelling 1
traveller 1
trap 1
transported 1
transparent 1
transmuted 1
transient 1
transcribe 1
trained 1
tradition 1
trade 1
town 1
toward 1
toss 1
torrid 1
tops 1
topics 1
tones 1
tone 1
tombstones 1
toleration 1
`tis 1
tinkling 1
tinge 1
timed 1
ticking 1
ticket 1
tick 1
thundered 1
thrown 1
throw 1
throats 1
thrilled 1
thrice 1
threatening 1
threatened 1
threaten 1
thousandth 1
thought' 1
thorough 1
thirsted 1
thirdly 1
thinning 1
thinner 1
thinker 1
thin 1
thievish 1
there's 1
theoretically 1
`then 1
theirs 1
thanks 1
terror 1
terrible 1
term 1
tenth 1
tender 1
tendencies 1
tempts 1
tempted 1
temptations 1
technical 1
tears 1
tear 1
teachings 1
tastes 1
tantalizing 1
tantalized 1
taming 1
tall 1
tales 1
tale 1
takes 1
taint 1
tables 1
systematic 1
symptoms 1
sympathies 1
symmetrical 1
swing 1
swept 1
sweetmeats 1
sweetest 1
sweet 1
swaying 1
sustain 1
suspended 1
susceptible 1
survives 1
survive 1
surveying 1
survey 1
surroundings 1
surrounding 1
surrounded 1
surreptitiously 1
surpassing 1
surgical 1
surgeons 1
surety 1
supremely 1
supremacy 1
suppressing 1
suppress 1
supposing 1
supply 1
supplies 1
supplemented 1
supper 1
supervision 1
supervised 1
superseded 1
superiority 1
superfluity 1
superficial 1
sunk 1
summoned 1
summon 1
summed 1
summarizer 1
summarily 1
suits 1
suicide 1
suggests 1
suggestion 1
suffused 1
sufficiently 1
suffering 1
succumbed 1
succinct 1
successor 1
successful 1
successes 1
subtle 1
substitute 1
substantial 1
subordinated 1
subordinate 1
submitting 1
subdued 1
style 1
stupid 1
stunned 1
stuff 1
struggling 1
structures 1
structure 1
struck 1
stroke 1
stringent 1
string 1
striking 1
stretch 1
strengthening 1
strengthened 1
streets 1
stream 1
strata 1
strangers 1
stranger's 1
stone 1
stolid 1
stir 1
stipend 1
stinging 1
stimulus 1
stimulating 1
stimulated 1
stillness 1
stifle 1
sticking 1
steps 1
stem 1
stealing 1
steadfastly 1
stead 1
statistics 1
stationary 1
statics 1
statical 1
static 1
statesmanship 1
statesman 1
statements 1
statement 1
startled 1
startle 1
started 1
standard 1
stamping 1
stake 1
stagnation 1
staggered 1
stab 1
st 1
squaring 1
squalor 1
sprung 1
sprang 1
spoken 1
spoke 1
splendour 1
spleen 1
spite 1
spiritual 1
spirits 1
sphinx 1
spend 1
spell 1
speedy 1
speechless 1
speculative 1
speck 1
speaks 1
sparing 1
soul 1
sought 1
sorrowing 1
sophism 1
sooner 1
sonorousness 1
sombre 1
solvers 1
solve 1
soliloquizing 1
soles 1
sole 1
sober 1
sneezing 1
sneeze 1
smoothly 1
smith 1
smallest 1
slumber 1
sleep 1
slaves 1
slavers 1
slave 1
slaughtered 1
slang 1
slain 1
skillfully 1
sized 1
situation 1
situated 1
sit 1
sinking 1
sincere 1
simultaneously 1
simulations 1
simulating 1
simpler 1
similarly 1
silences 1
silenced 1
signify 1
signifies 1
signal 1
sign 1
sights 1
sight' 1
sigh 1
sideways 1
sickening 1
shudder 1
shrinks 1
shrillest 1
shown 1
shout 1
shortly 1
shorter 1
shooting 1
shock 1
shivered 1
shines 1
shifting 1
shews 1
shewing 1
sheet 1
shed 1
share 1
shapes 1
shapers 1
shake 1
shadowy 1
shadow 1
severe 1
seventy 1
setting 1
services 1
served 1
serfs 1
serfdom 1
separate 1
sentiment 1
sentenced 1
sensuous 1
sensitive 1
sensibly 1
sensible 1
senses 1
senseless 1
sends 1
sending 1
send 1
seminaries 1
selfish 1
seldom 1
seizing 1
seized 1
sees 1
seer 1
seemingly 1
seek 1
seditions 1
secure 1
secrecy 1
secondly 1
seconding 1
seconded 1
seated 1
seat 1
seasonable 1
season 1
seas 1
search 1
sealed 1
seal 1
sea 1
se 1
scullery 1
scouted 1
scourge 1
scornfully 1
scorned 1
scorn 1
score 1
scope 1
scions 1
scientifically 1
sciences 1
scarce 1
scandal 1
scamp 1
says 1
saved 1
satisfied 1
sat 1
sanctions 1
sanctioned 1
sailors 1
sagacity 1
safes 1
safeguard 1
sadly 1
rustication 1
rush 1
runs 1
ruffled 1
rudimentary 1
rudeness 1
rude 1
roving 1
rousing 1
roughness 1
roughly 1
rotate 1
roofs 1
roar 1
road 1
ro 1
rivalled 1
risk 1
rises 1
ripened 1
ring 1
rightly 1
`right' 1
`right 1
rid 1
richly 1
richest 1
richer 1
rhythmical 1
rhythmic 1
rhythm 1
rheumatism 1
rhetoric 1
reward 1
revolutions 1
revolutionists 1
revised 1
review 1
reverse 1
reverie 1
reverent 1
revealing 1
revealed 1
returned 1
retrospect 1
retrogressions 1
retrogression 1
retrograde 1
retreating 1
retreated 1
retract 1
retort 1
retiring 1
retirements 1
retirement 1
retinue 1
retain 1
resumed 1
resulting 1
resulted 1
rests 1
restrictions 1
restricted 1
restraining 1
restored 1
responsive 1
responsible 1
responsibility 1
respects 1
respective 1
respectful 1
resonant 1
resolved 1
resolve 1
resistance 1
rescue 1
requirements 1
require 1
requested 1
request 1
reputation 1
repose 1
repetition 1
repeatedly 1
repaired 1
renew 1
remotest 1
remonstrance 1
reminding 1
remembers 1
remedy 1
remarkably 1
relying 1
rely 1
religious 1
relieved 1
release 1
relapses 1
relapse 1
rejoices 1
rejoiced 1
rejected 1
reiterated 1
reiterate 1
regulates 1
regulars 1
regularly 1
regretted 1
regret 1
registered 1
register 1
regardful 1
regained 1
refusing 1
refreshing 1
reflected 1
reflect 1
refers 1
redoubled 1
recreation 1
recovery 1
recovered 1
recourse 1
reconsider 1
recollect 1
recoiling 1
reckoned 1
reckless 1
recently 1
receded 1
rebels 1
rebellions 1
reasoning 1
reasoned 1
reasonably 1
reappear 1
realized 1
realize 1
reading 1
reactionary 1
reaction 1
react 1
reaches 1
reach 1
ravishing 1
ravished 1
rational 1
rarely 1
raptures 1
rapid 1
range 1
rage 1
races 1
quitter 1
quitted 1
quietism 1
quiet 1
questioning 1
queller 1
quarters 1
qualities 1
qualified 1
qualification 1
pyramids 1
push 1
pursuits 1
pursuit 1
purposeless 1
purity 1
purged 1
purest 1
purer 1
punishable 1
pulsation 1
prying 1
proving 1
providential 1
proverbs 1
prostrating 1
prosecution 1
propriety 1
proposing 1
prophets 1
proper 1
propelling 1
propagation 1
propagate 1
promulgators 1
promptly 1
promised 1
prolonged 1
projections 1
project 1
prohibitive 1
prohibition 1
progress 1
progenitors 1
progenitor 1
profuse 1
proficient 1
professors 1
professions 1
professed 1
profess 1
procreation 1
proclaiming 1
proclaimed 1
procession 1
proceeds 1
proceeding 1
probability 1
privileges 1
privacy 1
pristine 1
prisoner 1
prey 1
prevented 1
prevent 1
prevalent 1
prevail 1
pretending 1
pretended 1
pretend 1
presume 1
pressure 1
pressing 1
pressed 1
presiding 1
preserving 1
presents 1
presently 1
presented 1
prescribes 1
prescribed 1
preparing 1
prepared 1
prepare 1
prejudices 1
prejudice 1
prefects 1
predominates 1
predominate 1
preconcerted 1
precocious 1
precluded 1
preclude 1
precise 1
precipitated 1
precipitate 1
precious 1
precept 1
preceded 1
precautions 1
prearrangement 1
preach 1
prayers 1
pray 1
prattle 1
pp 1
powder 1
potential 1
posts 1
possibilities 1
possessor 1
possesses 1
possess 1
positively 1
portraits 1
portentous 1
portent 1
populace 1
pondering 1
politics 1
police 1
pointing 1
poets 1
poetry 1
pockets 1
plurally 1
plurality 1
plunged 1
plundered 1
plumes 1
plume 1
plebeian 1
please 1
played 1
play 1
planless 1
plains 1
placability 1
pity 1
pitiable 1
pillars 1
pierce 1
pieces 1
picturesque 1
physician's 1
physically 1
phrase 1
phonographs 1
philanthropy 1
phantasmal 1
phalanx 1
perverted 1
pervert 1
perversity 1
pervaded 1
pervade 1
perusal 1
perturbed 1
persuading 1
persuaded 1
personally 1
persistent 1
persisted 1
persecuting 1
perplexing 1
perplex 1
perpetually 1
perpetrator 1
peroration 1
perishing 1
perished 1
perilous 1
perhapsperceiving 1
perform 1
perdition 1
perchance 1
perceptibly 1
perceptible 1
perceiving 1
perceives 1
pentahedrons 1
penetration 1
pendulum 1
pencil 1
penalties 1
penal 1
pedigrees 1
pedantically 1
peal 1
paused 1
patterning 1
patrons 1
patriotism 1
patient 1
pasteboard 1
passionately 1
passion 1
particular 1
parent 1
paradoxes 1
paradise 1
panic 1
paltry 1
palpable 1
palled 1
palace 1
paint 1
painlessly 1
painless 1
paid 1
pace 1
owing 1
overtake 1
overleaps 1
overcome 1
outspoken 1
outsides 1
outbreak 1
other's 1
originates 1
originate 1
organized 1
organization 1
organisms 1
organism 1
organ 1
ordinance 1
ordered 1
ordains 1
orange 1
opposition 1
opportunities 1
opportunely 1
operation 1
openly 1
`one 1
omniscience 1
omnipresence 1
omission 1
oftentimes 1
officials 1
offices 1
officer 1
office 1
offering 1
offensive 1
ocular 1
occurrence 1
occur 1
occupation 1
obtaining 1
obstinate 1
obstacles 1
observed 1
obscurity 1
obscure 1
obliquity 1
obliged 1
objections 1
oath 1
nurses 1
nurse 1
numbered 1
nuisance 1
nowhere 1
notions 1
notion 1
noting 1
notes 1
noted 1
northward' 1
noblest 1
nobleman 1
`no 1
nipping 1
nip 1
ninety 1
nightly 1
nightfall 1
nigh 1
news 1
ness 1
nervousness 1
neighbouring 1
neighbour 1
neglectful 1
needful 1
necessitating 1
necessitates 1
nearest 1
naught 1
narration 1
mystery 1
mutual 1
muttered 1
musing 1
murmurs 1
murmur 1
murders 1
multiplication 1
mounted 1
mount 1
mortals 1
morality 1
moodily 1
monsters 1
monopolizing 1
moments 1
molested 1
moisture 1
modulated 1
modify 1
modified 1
modesty 1
modest 1
moderate 1
model 1
mocking 1
mockery 1
mockeries 1
mocked 1
mixture 1
mistook 1
mistakes 1
mission 1
missing 1
misprints 1
misguided 1
miseries 1
miscarriage 1
misbehaved 1
misanthropist 1
minimize 1
miniature 1
mindless 1
millenary 1
miles 1
mildness 1
mildly 1
mild 1
micrometer' 1
message 1
merry 1
mercy 1
mercurial 1
mercifully 1
merchant's 1
mentally 1
men's 1
menacing 1
members 1
melancholy 1
meets 1
meetings 1
meditated 1
medical 1
media 1
mechanically 1
measures 1
measurements 1
measured 1
maximum 1
maxim 1
mauve 1
matured 1
mates 1
masters 1
masterpiece 1
masses 1
massacre 1
mass 1
mary 1
marvellous 1
martyrdom 1
martial 1
marshal's 1
marry 1
married 1
market 1
marine 1
margin 1
manufactory 1
manifestly 1
manifestation 1
manhood 1
manage 1
majesties 1
maintaining 1
maintain 1
mainstays 1
maiden 1
magnificence 1
magistrate 1
magicians 1
magician 1
magic 1
magazines 1
madness 1
madman 1
maddest 1
m 1
luxury 1
lunch 1
lunatics 1
lunatic 1
luminary 1
lucky 1
lover 1
loveliness 1
loved 1
loudly 1
loud 1
lot 1
loses 1
lord's 1
longest 1
longed 1
logically 1
locked 1
lo 1
liver 1
lived 1
literally 1
literal 1
listless 1
listened 1
lips 1
lingual 1
linger 1
limitations 1
limit 1
lilliputian 1
likeness 1
likely 1
lights 1
lies 1
licentious 1
lessons 1
lengthiness 1
legitimate 1
legislative 1
legal 1
`left' 1
`left 1
lecture 1
leaped 1
leap 1
leaning 1
leagues 1
leaderless 1
laying 1
lawyers 1
lavish 1
laughing 1
lateral 1
latent 1
lately 1
late 1
lastly 1
largest 1
lapse 1
landscapes 1
landscape 1
lain 1
lack 1
labours 1
laboured 1
labour 1
knowing 1
kitchen 1
kinetics 1
kinetical 1
kinetic 1
key 1
keeping 1
keenly 1
justify 1
juncture 1
judgment 1
judges 1
jostling 1
jostled 1
jones 1
joking 1
jests 1
jesting 1
jest 1
jealousy 1
jealously 1
jealousies 1
jailers 1
`its 1
`it' 1
island 1
irritated 1
irritate 1
irrepressible 1
irregularly 1
iota 1
involves 1
invited 1
invisibly 1
investigations 1
investigate 1
invented 1
intrudest 1
intruder's 1
introductory 1
introduce 1
intoxicated 1
interviews 1
interview 1
intervening 1
interspersed 1
interruption 1
interpreter 1
internal 1
interested 1
intercourse 1
intercede 1
intentions 1
intentioned 1
intention 1
intense 1
intelligible 1
intellects 1
integrity 1
insulting 1
insult 1
instructed 1
instruct 1
instigated 1
instantly 1
instantaneous 1
instant 1
inspired 1
inspected 1
inspect 1
insolent 1
insisted 1
insist 1
insignificant 1
insight 1
insert 1
inquiring 1
inquire 1
innumerable 1
innovators 1
innovations 1
innocent 1
inner 1
inmost 1
inmates 1
injustice 1
injuriously 1
injuries 1
injure 1
injunctions 1
initiation 1
initiated 1
initiate 1
inhabitance 1
infuriated 1
informed 1
influence 1
infinity 1
infected 1
infallible 1
inexpressibly 1
inexperienced 1
inert 1
ineffectual 1
inducing 1
indoctrinating 1
indistinguishably 1
indisposes 1
indiscretions 1
indirectly 1
indignant 1
indifferent 1
indicates 1
indescribable 1
indefinitely 1
indecisive 1
indebted 1
incurable 1
incorporate 1
inconvenience 1
inconsistent 1
inconsiderate 1
incomplete 1
incompatible 1
incommode 1
including 1
included 1
inclining 1
inclines 1
inclined 1
incidents 1
incautious 1
inaudible 1
inasmuch 1
inane 1
inaccurate 1
imputed 1
improbably 1
imprison 1
impregnable 1
impotently 1
impotent 1
imposture 1
imposes 1
imply 1
impervious 1
impertinent 1
impertinence 1
imperfect 1
imperceptibly 1
impenetrable 1
impending 1
impelled 1
impassioned 1
imparts 1
imparting 1
impartially 1
impartiality 1
impart 1
impaired 1
immovably 1
immoral 1
immemorial 1
imitation 1
imitating 1
imitated 1
imitate 1
imbecile 1
imagined 1
image 1
illustration 1
illustrating 1
illegal 1
ii 1
ignore 1
identified 1
hypocrite 1
hypocrisy 1
hurt 1
hurriedly 1
humour 1
humiliations 1
hues 1
hue 1
hospital 1
hopelessly 1
hopefulness 1
hopeful 1
hoped 1
hooted 1
hollow 1
historical 1
historians 1
historian 1
hissed 1
hints 1
`high 1
hexahedrons 1
heterodox 1
hesitated 1
hesitate 1
heresy 1
heresies 1
hereon 1
herein 1
hereditary 1
hell 1
heights 1
`height 1
heed 1
heavier 1
heavenly 1
heaved 1
hearsay 1
hears 1
hearers 1
hearer 1
healing 1
haunts 1
hater 1
hasty 1
hastiness 1
hastily 1
harvests 1
harmonize 1
harmless 1
harangue 1
happens 1
happen 1
haply 1
handed 1
hampered 1
hamlet 1
habitual 1
h 1
gutenberg 1
guns 1
gulf 1
guilty 1
guidance 1
guest 1
grown 1
groping 1
groaned 1
grey 1
grew 1
greatly 1
gravitation 1
grave 1
grasshoppers 1
grasp 1
grapple 1
granting 1
grandson's 1
grandpapa 1
grandchildren 1
grand 1
graduations 1
governed 1
got 1
goods 1
gold 1
goal 1
gloomy 1
glimpses 1
gleam 1
glanced 1
gladly 1
girls 1
girl 1
gifted 1
gift 1
get 1
gesticulate 1
geometricians 1
genuine 1
gently 1
genius 1
generating 1
generalities 1
gather 1
gates 1
gash 1
gamboge 1
gains 1
gained 1
gag 1
future 1
furious 1
fun 1
fullest 1
fuller 1
fulfilment 1
fulfilled 1
frustrated 1
fruits 1
fruition 1
frugality 1
fronting 1
frivolous 1
fringe 1
friendship 1
friend's 1
freshly 1
frequent 1
frenzy 1
freeman 1
freely 1
freedom 1
fraudulent 1
frauds 1
fraternal 1
frankly 1
frailer 1
fractured 1
foundations 1
fortifications 1
forsooth 1
forms 1
forming 1
formerly 1
formal 1
forgot 1
forgetfulness 1
forget 1
forfeited 1
foresaw 1
forelands 1
forces 1
forbids 1
forbidding 1
foodless 1
fomented 1
folly 1
foes 1
foe 1
fluid 1
flowers 1
flounders 1
flood 1
floated 1
flit 1
flight 1
flatter 1
flatlanders 1
flashing 1
flashed 1
flagitious 1
fixity 1
fitly 1
firmly 1
fire 1
finished 1
finest 1
finds 1
fight 1
fifth 1
fidgety 1
fictitious 1
fiction 1
fettered 1
festivals 1
fervent 1
fertile 1
feigns 1
feigning 1
feigned 1
feign 1
`feeling 1
feeler 1
feed 1
fed 1
fecundity 1
favourite 1
favourably 1
favourable 1
faults 1
fault 1
fatuity 1
fathers 1
fated 1
fashioned 1
fashionable 1
fascinations 1
farewell 1
families 1
familiarized 1
familiar 1
falsely 1
falls 1
faithfully 1
fairly 1
faint 1
fain 1
fails 1
faculties 1
factions 1
facing 1
fabric 1
eyesight 1
exultant 1
exuberances 1
extricating 1
extracts 1
extracted 1
extermination 1
exterminated 1
extensions 1
extends' 1
extends 1
extend 1
exquisite 1
expulsion 1
express 1
explanations 1
experimental 1
experienced 1
expense 1
expenditure 1
expect 1
exists 1
existing 1
existences 1
exile 1
exhorted 1
exhibiting 1
exhausting 1
exercised 1
exempted 1
exemplification 1
executioner 1
executed 1
excused 1
exclusive 1
excluded 1
exclaim 1
exchanging 1
excessive 1
exceptions 1
excepted 1
exceeds 1
exceeding 1
exceed 1
exasperated 1
examined 1
evils 1
eventful 1
event 1
evenly 1
evading 1
eulogies 1
etiquette 1
ether 1
etext 1
estimation 1
estimated 1
esteemed 1
essence 1
essay 1
esoteric 1
escutcheon 1
escape 1
error 1
erred 1
erect 1
enwrap 1
environed 1
envied 1
enumeration 1
enumerating 1
enumerate 1
entreaties 1
entreat 1
entire 1
enthusiasm 1
entertain 1
ensue 1
ennobled 1
enlightening 1
enlighten 1
enlargment 1
enlarging 1
enjoys 1
enjoyment 1
enjoyed 1
enjoining 1
enigmatic 1
enhance 1
engineering 1
enforce 1
enfeeble 1
endless 1
endeavouring 1
encouragement 1
encouraged 1
encourage 1
encompassed 1
enclosed 1
enchanters 1
enchanter 1
enactments 1
enacting 1
employ 1
emotional 1
emotion 1
emergencies 1
emergence 1
emerge 1
embittered 1
emanated 1
elite 1
eliminates 1
eliciting 1
elicited 1
eleventh 1
elevation 1
elected 1
eh 1
egress 1
effectually 1
effected 1
educational 1
editor 1
edging 1
edges 1
edged 1
ecstatic 1
ecstasy 1
economy 1
echo 1
eastern 1
earnestness 1
ear 1
e' 1
dwindles 1
dwell 1
duties 1
duplicate 1
dullest 1
drowsy 1
dropping 1
dreary 1
dreams 1
dreaming 1
drawbacks 1
draught 1
drags 1
doubting 1
doubtful 1
dost 1
doorless 1
doom 1
dominion 1
domestics 1
dodecahedrons 1
dodecagons 1
doctor 1
dizzy 1
divulging 1
dividing 1
divides 1
divided 1
divest 1
divert 1
divers 1
distracting 1
distinctly 1
dissimilar 1
disrespect 1
disproportionate 1
dispense 1
dispassionate 1
disparagement 1
dishonouring 1
disguises 1
disguise 1
disfavour 1
disengage 1
diseased 1
discussing 1
discursive 1
discriminative 1
discrimination 1
discriminating 1
discriminated 1
discovery 1
discovering 1
discover 1
discourse 1
discomfort 1
disciple 1
discerns 1
discerning 1
discarding 1
disbelief 1
disavow 1
disasters 1
disappointed 1
disappears 1
disappeared 1
disadvantagous 1
disadvantages 1
direst 1
directors 1
directions 1
diminish 1
dimensioned 1
dimensionable 1
diligent 1
dilemma 1
digressing 1
diffuse 1
dictating 1
dictate 1
dialect 1
diagonals 1
diaetetic 1
diabolical 1
dexterity 1
devoutly 1
devouring 1
devise 1
devil 1
device 1
deviations 1
deviates 1
deterrent 1
determining 1
determines 1
detected 1
detect 1
destructiveness 1
destinies 1
desperate 1
desolate 1
desiring 1
deserve 1
describable 1
descending 1
descended 1
descendants 1
descendant 1
derived 1
derivable 1
derided 1
depth 1
depriving 1
deprived 1
depressing 1
depopulated 1
deplore 1
deplorably 1
deplorable 1
depends 1
depended 1
depart 1
denying 1
dense 1
denotes 1
denote 1
demoralize 1
demoralization 1
demonstrations 1
demonstrate 1
demoniacal 1
demarcation 1
demands 1
demanded 1
delusions 1
delivery 1
deliver 1
`delicate 1
deliberately 1
delayed 1
deign 1
degradation 1
define 1
deficient 1
deficiencies 1
defer 1
defensive 1
defends 1
deep 1
dedicated 1
decrees 1
decoration 1
decorating 1
decorated 1
declined 1
decline 1
declaring 1
declare 1
decisive 1
decimated 1
decide 1
decease 1
decaying 1
debilitation 1
deaf 1
de 1
day's 1
dawn 1
date 1
dark 1
dare 1
dangerous 1
dancing 1
dae 1
d'a'e' 1
dabbling 1
d' 1
cynics 1
cylinders 1
curtailed 1
cunning 1
crushed 1
crowning 1
crown 1
critic's 1
criminals 1
criminality 1
crime 1
creeping 1
credited 1
credible 1
create 1
crave 1
craft 1
covered 1
courtship 1
courts 1
court 1
countries 1
cost 1
corrupted 1
correspondingly 1
correspondent 1
correspond 1
corporeal 1
corner 1
coolness 1
convulsive 1
conviction 1
convict 1
convey 1
converts 1
converting 1
conversazione 1
conversant 1
convenience 1
convened 1
controllers 1
contributing 1
contrast 1
contracted 1
continuing 1
continues 1
contents 1
contentment 1
contented 1
contemptible 1
contemplation 1
contemplating 1
consumption 1
consummate 1
construct 1
constraint 1
constrains 1
constitute 1
constituents 1
conspiracies 1
consort 1
consists 1
consistently 1
consistent 1
consigned 1
considerable 1
consider 1
conservative 1
consequences 1
conscience 1
connection 1
conjectured 1
congenital 1
confuse 1
confounding 1
confirms 1
confirming 1
confirmation 1
confirm 1
confine 1
confiding 1
cones 1
conducted 1
condole 1
condescending 1
condemned 1
condemn 1
concurs 1
concur 1
conclusive 1
conclave 1
concession 1
concert 1
concerns 1
concerned 1
conceptions 1
conceit 1
conceal 1
comrades 1
compressions 1
compression 1
composition 1
composed 1
compose 1
comport 1
complex 1
completion 1
complacently 1
competitors 1
compensative 1
compensation 1
compensated 1
compels 1
comparisons 1
comparison 1
compare 1
companionship 1
community 1
communications 1
communicate 1
commonplace 1
commonly 1
committing 1
committed 1
commit 1
commerce 1
comment 1
commended 1
commencements 1
commenced 1
commands 1
commandments 1
commandment 1
comfort 1
combines 1
combined 1
combine 1
colligations 1
collectors 1
collective 1
cogent 1
coast 1
coarse 1
clumsy 1
cloud 1
closet 1
climbs 1
climax 1
clients 1
client 1
clever 1
clearly 1
classrooms 1
classify 1
claims 1
claim 1
civilized 1
civil 1
city 1
circumspection 1
church 1
chronic 1
choral 1
choose 1
choicest 1
choice 1
chirruped 1
chilling 1
child's 1
childless 1
childish 1
cheerfulness 1
cheerful 1
checking 1
checked 1
cheap 1
charms 1
charmed 1
charm 1
characteristics 1
chaos 1
chambers 1
challenge 1
chafed 1
certifiable 1
ceremonial 1
centres 1
central 1
census 1
cemetery 1
cellar 1
celestial 1
celerity 1
cd 1
cbd 1
cb 1
caverns 1
caught 1
catch 1
catastrophe 1
casting 1
castigation 1
caste 1
cast 1
carried 1
careless 1
careering 1
cards 1
capacity 1
cap 1
camp 1
calling 1
calculated 1
calculate 1
calamities 1
buzzing 1
butler 1
burst 1
burglar 1
burdensome 1
brings 1
brilliancy 1
brightness' 1
brightly 1
brighter 1
briefly 1
brief 1
bride 1
brick 1
brethren 1
bred 1
breath 1
breaking 1
breakfast 1
brave 1
brainpower 1
brainless 1
boxes 1
boundless 1
bounded 1
bottom 1
boldly 1
bodily 1
boasting 1
boards 1
blunt 1
bluebottles 1
blue 1
blotting 1
blot 1
blossom 1
bliss 1
blessing 1
black 1
bitterest 1
bits 1
bisect 1
bimental 1
billion 1
bidding 1
bid 1
bi 1
bewildered 1
betrayed 1
betokens 1
betokened 1
besought 1
besotted 1
beside 1
beset 1
beseech 1
benighted 1
benefits 1
benefit 1
beneficent 1
bending 1
belongings 1
belong 1
bell 1
believing' 1
believes 1
believers 1
belauded 1
beholder 1
behaviour 1
begs 1
begged 1
befall 1
bedimmed 1
beatitude 1
beating 1
bearings 1
bearing 1
bear 1
beamed 1
bays 1
battles 1
baton 1
basis 1
baseless 1
based 1
bars 1
barren 1
barracks 1
bares 1
bared 1
bands 1
band 1
ball 1
bad 1
background 1
bachelors 1
bachelor 1
babyish 1
babies 1
awkwardness 1
awkwardly 1
awestruck 1
awaits 1
awaiting 1
avows 1
avowed 1
avowal 1
avoiding 1
avoidance 1
avocations 1
aver 1
authority 1
august 1
aught 1
audience 1
audible 1
attributed 1
attractive 1
attracted 1
attract 1
attitude 1
attested 1
attentively 1
attended 1
attempts 1
attempting 1
attain 1
attacks 1
attacked 1
atmosphere 1
asylums 1
asylum 1
astonishment 1
astonishing 1
assuring 1
assuredly 1
assume 1
assimilated 1
assigning 1
assertion 1
asserting 1
asserted 1
assent 1
aspirations 1
aspect 1
asimilar 1
aside 1
ascended 1
ascend 1
artist's 1
artistically 1
artillerymen 1
artillery 1
artificial 1
artful 1
arouse 1
arises 1
arguments 1
argued 1
argue 1
area 1
archives 1
architecture 1
arbitrary 1
apt 1
approximator 1
approximations 1
approximating 1
approximates 1
approximately 1
approximated 1
approved 1
approaches 1
apprehended 1
apprehend 1
appreciation 1
appreciate 1
appreciably 1
apply 1
applies 1
applause 1
appertain 1
appearing 1
apparently 1
apparent 1
apologized 1
apologize 1
anywhere 1
anxiously 1
anxiety 1
antiquarian 1
anticipation 1
antecedents 1
antagonistic 1
antagonism 1
answers 1
annually 1
annual 1
announced 1
announce 1
annihilated 1
annexed 1
annals 1
animosity 1
animate 1
angered 1
ancestor's 1
ancestor 1
anarchy 1
anarchical 1
amusing 1
amusement 1
amused 1
amply 1
amongst 1
amidst 1
amb 1
altered 1
alteration 1
allured 1
allowing 1
alliances 1
alive 1
alarming 1
alarmed 1
akin 1
air 1
aimed 1
aides 1
aided 1
`ah 1
agricultural 1
agitated 1
aged 1
afraid 1
afford 1
afflicted 1
affections 1
affecting 1
affected 1
affect 1
affair 1
afar 1
aesthetically 1
advocating 1
advocates 1
adventures 1
advantageous 1
adult's 1
adored 1
adorable 1
adoption 1
admission 1
admired 1
administrators 1
addition 1
adapted 1
adaptation 1
adage 1
acuteness 1
actual 1
actors 1
activity 1
acquired 1
acquire 1
acquiesce 1
acknowledged 1
ache 1
accustomed 1
accumulating 1
accounts 1
accord 1
accomplished 1
accompanying 1
accompanied 1
accommodate 1
accidents 1
access 1
accepts 1
accelerated 1
ac 1
a'c' 1
abyss 1
abundant 1
absurdly 1
abstract 1
abstinence 1
abstention 1
absentminded 1
abruptly 1
abrupt 1
abrogation 1
abroad 1
abolition 1
abolished 1
ability 1
abbreviated 1
a'b' 1
a' 1
`a 1
