the 465
of 324
and 216
shall 191
to 147
be 133
or 120
in 96
states 85
a 74
by 62
for 58
united 57
any 54
you 52
state 48
may 47
this 44
other 39
as 38
such 37
all 36
on 35
which 34
president 34
no 33
have 33
from 33
not 32
it 30
if 29
congress 29
etext 28
but 26
that 25
he 25
law 23
house 23
section 22
project 22
their 20
person 20
one 20
each 20
with 19
office 19
under 18
time 18
at 18
two 17
senate 17
constitution 16
representatives 15
gutenberg 15
they 14
public 13
years 12
within 12
when 12
thereof 12
same 12
power 12
number 12
every 12
etexts 12
during 12
cases 12
them 11
money 11
laws 11
is 11
small 10
provide 10
print 10
new 10
make 10
made 10
consent 10
year 9
without 9
who 9
votes 9
three 9
thirds 9
several 9
receive 9
officers 9
members 9
legislature 9
into 9
been 9
vice 8
than 8
so 8
senators 8
our 8
manner 8
its 8
form 8
except 8
case 8
both 8
before 8
article 8
an 8
against 8
unless 7
treason 7
supreme 7
more 7
five 7
executive 7
electors 7
either 7
duties 7
do 7
citizens 7
bill 7
between 7
authority 7
your 6
union 6
tm 6
statement 6
service 6
rules 6
post 6
persons 6
necessary 6
medium 6
legal 6
including 6
his 6
give 6
free 6
first 6
elected 6
eight 6
day 6
court 6
chosen 6
can 6
are 6
another 6
among 6
we 5
vote 5
vacancies 5
those 5
there 5
then 5
term 5
ten 5
second 5
return 5
respective 5
present 5
party 5
most 5
majority 5
jurisdiction 5
impeachment 5
houses 5
government 5
foreign 5
establish 5
enter 5
domain 5
distribute 5
days 5
damages 5
copy 5
coin 5
chuse 5
after 5
work 4
will 4
war 4
vested 4
use 4
us 4
up 4
trust 4
trial 4
times 4
thousand 4
think 4
things 4
tax 4
take 4
subject 4
six 4
seven 4
senator 4
representative 4
refund 4
received 4
provided 4
proper 4
proceedings 4
powers 4
places 4
part 4
paid 4
officer 4
nor 4
ministers 4
militia 4
limited 4
like 4
liability 4
legislatures 4
judicial 4
journal 4
inferior 4
imposts 4
holding 4
hold 4
having 4
grant 4
even 4
equal 4
direct 4
copyright 4
const 4
citizen 4
carolina 4
bound 4
america 4
ambassadors 4
according 4
wm 3
whom 3
whole 3
what 3
warranties 3
virginia 3
until 3
uniform 3
txt 3
treaties 3
treasury 3
title 3
throughout 3
thirty 3
these 3
taxes 3
should 3
session 3
services 3
said 3
resignation 3
require 3
request 3
replacement 3
removed 3
removal 3
regulations 3
regulation 3
readable 3
read 3
purpose 3
punishment 3
profit 3
presented 3
prescribed 3
plain 3
place 3
pay 3
particular 3
over 3
otherwise 3
only 3
offices 3
objections 3
oath 3
neither 3
must 3
member 3
meeting 3
list 3
least 3
lay 3
land 3
laid 3
labor 3
keep 3
justice 3
judgment 3
judges 3
john 3
james 3
inhabitant 3
illinois 3
hundred 3
him 3
herein 3
happen 3
get 3
general 3
four 3
following 3
fill 3
expiration 3
expense 3
exercise 3
equivalent 3
enumeration 3
entitled 3
entered 3
end 3
electronically 3
duty 3
disk 3
directed 3
different 3
debts 3
crimes 3
credit 3
courts 3
copies 3
convicted 3
consuls 3
consist 3
consequence 3
concurrence 3
compensation 3
committed 3
college 3
class 3
chusing 3
choose 3
charles 3
characters 3
bills 3
benedictine 3
become 3
ballot 3
attained 3
attainder 3
association 3
appointed 3
appoint 3
amendments 3
also 3
agree 3
age 3
affirmation 3
adjournment 3
adjourn 3
act 3
york 2
yeas 2
wrong 2
world 2
word 2
wish 2
william 2
whereof 2
welfare 2
warranty 2
want 2
valid 2
using 2
used 2
trademark 2
together 2
thos 2
third 2
thing 2
taken 2
support 2
stated 2
start 2
south 2
sole 2
software 2
sitting 2
sign 2
sending 2
seat 2
s 2
royalty 2
royalties 2
right 2
revenue 2
rest 2
respectively 2
required 2
reprisal 2
representation 2
regulate 2
records 2
recess 2
receiving 2
ratification 2
quorum 2
question 2
qualifications 2
punish 2
protect 2
proprietary 2
propose 2
property 2
promote 2
project's 2
profits 2
pro 2
prior 2
prepare 2
pinckney 2
physical 2
period 2
people 2
pennsylvania 2
peace 2
passed 2
pass 2
parts 2
out 2
original 2
order 2
ordain 2
open 2
offenses 2
now 2
note 2
north 2
nobility 2
nine 2
next 2
net 2
needful 2
nays 2
navy 2
nations 2
names 2
my 2
morris 2
mentioned 2
measures 2
massachusetts 2
maryland 2
marque 2
longer 2
letters 2
lawyers 2
king 2
kind 2
judge 2
jersey 2
it's 2
invasion 2
intended 2
indicate 2
inability 2
imports 2
importation 2
implied 2
immediately 2
i 2
hypertext 2
honor 2
high 2
held 2
has 2
hampshire 2
greatest 2
granted 2
got 2
given 2
georgia 2
geo 2
fourths 2
fourth 2
forth 2
formed 2
felony 2
fees 2
fee 2
faithfully 2
facto 2
fact 2
extend 2
exports 2
execution 2
execute 2
exclusive 2
excises 2
exceeding 2
ex 2
equally 2
emolument 2
eligible 2
elections 2
election 2
efforts 2
effect 2
ebcdic 2
due 2
don't 2
domestic 2
divided 2
distribution 2
disclaims 2
disclaimers 2
diminished 2
determined 2
determine 2
derive 2
departments 2
delivered 2
delete 2
delaware 2
defence 2
defects 2
defect 2
declare 2
december 2
death 2
crime 2
cost 2
conventions 2
convention 2
controversies 2
continuance 2
contain 2
constitute 2
consequential 2
connecticut 2
confederation 2
concur 2
computer 2
composed 2
common 2
commerce 2
civil 2
choice 2
chief 2
cannot 2
breach 2
below 2
behavior 2
beagles 2
b 2
author 2
attendance 2
ascii 2
approved 2
appointments 2
appointment 2
apply 2
application 2
alternatively 2
alter 2
affecting 2
advice 2
adoption 2
admit 2
additional 2
actual 2
acts 2
accept 2
zip 1
writs 1
writings 1
writing 1
writ 1
works 1
witnesses 1
witness 1
wilson 1
williamson 1
wil 1
why 1
whose 1
where 1
whenever 1
whatsoever 1
what's 1
whatever 1
were 1
well 1
welcome 1
weights 1
way 1
water 1
washington 1
was 1
voting 1
voted 1
volunteers 1
virus 1
violence 1
vest 1
vessels 1
versions 1
ver 1
vanilla 1
value 1
vacated 1
useful 1
upon 1
understand 1
underline 1
unanimous 1
u 1
twice 1
twenty 1
twelfth 1
try 1
troops 1
tried 1
tribunals 1
tribes 1
treaty 1
transmit 1
transcription 1
transcribe 1
tranquility 1
training 1
tonnage 1
tilde 1
through 1
thomas 1
therein 1
thereby 1
themselves 1
thanks 1
texts 1
testimony 1
test 1
territory 1
tender 1
tempore 1
temporary 1
tells 1
tell 1
taxed 1
swear 1
suspended 1
suppress 1
sundays 1
suffrage 1
sufficient 1
sue 1
subsequent 1
subscribed 1
subjects 1
strict 1
standard 1
st 1
square 1
speech 1
special 1
speaker 1
spaight 1
sources 1
sort 1
something 1
someone 1
some 1
solemnly 1
smaller 1
sixth 1
since 1
silver 1
signed 1
ships 1
seventeenth 1
set 1
september 1
separate 1
sent 1
send 1
securities 1
securing 1
secure 1
secretary 1
secrecy 1
seats 1
seas 1
sealed 1
science 1
scanning 1
saml 1
safety 1
rutledge 1
rule 1
rufus 1
roger 1
robt 1
roads 1
rights 1
rich'd 1
richard 1
rhode 1
revision 1
returns 1
returning 1
returned 1
resulting 1
respecting 1
respect 1
resolution 1
resident 1
reserving 1
requisite 1
requires 1
republican 1
reprieves 1
repel 1
repassed 1
remove 1
remedies 1
remain 1
religious 1
relating 1
regular 1
references 1
reconsidered 1
reconsideration 1
reconsider 1
recommend 1
receipts 1
rebellion 1
reading 1
readily 1
reader 1
ratifying 1
ratified 1
raising 1
raise 1
questioned 1
qualification 1
pursuance 1
purposes 1
purchased 1
punitive 1
punctuation 1
published 1
publish 1
provisions 1
providence 1
proved 1
protection 1
proposing 1
proposed 1
proportion 1
proofread 1
prohibited 1
progress 1
program 1
professor 1
produce 1
processors 1
proceed 1
privileges 1
privileged 1
privilege 1
principal 1
prince 1
prevent 1
preside 1
presid 1
preserve 1
presence 1
prescribe 1
prepared 1
prejudice 1
preference 1
posterity 1
possibility 1
ports 1
plantations 1
piracies 1
pierce 1
permission 1
periodic 1
perfect 1
penalties 1
payment 1
paying 1
payable 1
paterson 1
pardons 1
owns 1
own 1
overt 1
ourselves 1
originated 1
originate 1
organizing 1
opportunity 1
opinion 1
once 1
ocr 1
occasions 1
obliged 1
obligation 1
numerous 1
numbers 1
notwithstanding 1
notice 1
nothing 1
normal 1
nominate 1
ninth 1
nicholas 1
nevertheless 1
negligence 1
naval 1
naturalization 1
natural 1
nathaniel 1
named 1
monday 1
modify 1
modification 1
mode 1
misdemeanors 1
miles 1
migration 1
might 1
mifflin 1
michael 1
mh 1
method 1
merchantability 1
meet 1
means 1
mchenry 1
mark 1
maritime 1
many 1
maintain 1
magazines 1
madison 1
machines 1
machine 1
lord 1
long 1
location 1
livingston 1
links 1
limitations 1
limitation 1
likewise 1
life 1
lie 1
licenses 1
license 1
liberty 1
liable 1
levying 1
letter 1
legislative 1
legislation 1
legally 1
large 1
langdon 1
lands 1
kramer 1
know 1
just 1
jury 1
junction 1
jun 1
jr 1
jona 1
johnson 1
jenifer 1
jared 1
jaco 1
jackson 1
j 1
itself 1
issue 1
island 1
inventors 1
invasions 1
invaded 1
intents 1
intellectual 1
insurrections 1
insure 1
instance 1
inspection 1
insist 1
ingersoll 1
infringement 1
information 1
indirectly 1
indirect 1
indictment 1
indians 1
indian 1
independence 1
indemnity 1
indemnify 1
increased 1
incomplete 1
included 1
incidental 1
inaccurate 1
imposed 1
impeachments 1
impairing 1
immunities 1
imminent 1
identify 1
hundreds 1
humans 1
hu 1
however 1
how 1
highest 1
herman 1
hereunto 1
here 1
heads 1
headers 1
hart 1
harmless 1
hamilton 1
half 1
had 1
habeas 1
gunning 1
guarantee 1
gratefully 1
grants 1
granting 1
governing 1
gouv 1
gorham 1
good 1
gold 1
going 1
go 1
giving 1
gilman 1
further 1
full 1
franklin 1
fourteen 1
found 1
forts 1
forfeiture 1
foregoing 1
forces 1
follows 1
flee 1
fled 1
fix 1
fitzsimons 1
fitness 1
file 1
fifths 1
fifth 1
few 1
felonies 1
fault 1
faith 1
extraordinary 1
express 1
exported 1
explanatory 1
expire 1
expenses 1
expends 1
expenditures 1
expel 1
expedient 1
existing 1
executing 1
executed 1
exclusions 1
exclusion 1
excluding 1
exceptions 1
excepting 1
excepted 1
exceed 1
exact 1
ever 1
establishment 1
established 1
escaping 1
errors 1
erection 1
erected 1
equity 1
equipment 1
enjoy 1
engagements 1
engage 1
enemies 1
encreased 1
employed 1
emoluments 1
emit 1
electronic 1
elector 1
eighty 1
editions 1
drawn 1
dozen 1
done 1
donations 1
dollars 1
does 1
dockyards 1
dobbs 1
district 1
distributed 1
disqualification 1
dispose 1
displays 1
displayed 1
disorderly 1
discoveries 1
discover 1
disclaimer 1
disciplining 1
discipline 1
discharged 1
discharge 1
disapproved 1
disagreement 1
disability 1
directors 1
directly 1
dickinson 1
devolve 1
despite 1
desire 1
described 1
deputy 1
deprived 1
department 1
demand 1
deleted 1
delay 1
define 1
defend 1
defective 1
deem 1
declaring 1
debate 1
dayton 1
david 1
date 1
data 1
danl 1
danger 1
dan 1
damaged 1
damage 1
current 1
created 1
create 1
counterfeiting 1
counted 1
cotesworth 1
costs 1
corruption 1
corrupt 1
corrected 1
corpus 1
conviction 1
convey 1
converted 1
conversion 1
convened 1
convene 1
controul 1
contributions 1
contribution 1
contrary 1
contracts 1
contracted 1
contract 1
construed 1
consideration 1
considerable 1
confession 1
concerning 1
concerned 1
computers 1
compressed 1
complicated 1
compel 1
compact 1
commissions 1
commission 1
commander 1
comfort 1
combined 1
collect 1
codes 1
clymer 1
clearly 1
clear 1
clauses 1
classes 1
claims 1
claiming 1
claim 1
charged 1
cession 1
cessing 1
certify 1
certificates 1
census 1
cause 1
carrying 1
carroll 1
care 1
captures 1
capitation 1
calling 1
called 1
call 1
calculated 1
calculate 1
butler 1
business 1
buildings 1
broom 1
bribery 1
brearley 1
branch 1
borrow 1
born 1
book 1
blurb 1
blount 1
blood 1
blessings 1
blair 1
binary 1
best 1
belonging 1
being 1
bedford 1
bassett 1
based 1
bankruptcies 1
baldwin 1
authors 1
authorized 1
attorney 1
attest 1
attainted 1
asterisk 1
assembled 1
assemble 1
ascertained 1
arts 1
articles 1
arsenals 1
arrest 1
army 1
arming 1
armies 1
arising 1
arise 1
approve 1
appropriations 1
appropriation 1
apportioned 1
applicable 1
appellate 1
apologize 1
apologies 1
annual 1
amendment 1
although 1
alteration 1
already 1
alone 1
allow 1
alliance 1
alexander 1
aid 1
agreement 1
agents 1
again 1
affirm 1
affect 1
admitted 1
admiralty 1
adhering 1
addition 1
adding 1
actually 1
account 1
accordingly 1
accepts 1
acceptance 1
absolutely 1
absent 1
absence 1
abr 1
above 1
about 1
ability 1
_ 1
